========================================
Sway started: Thu Jan  8 07:30:51 PM UTC 2026
========================================
sh: line 1: swayidle: command not found
sh: line 1: /home/elbulbol/.config/waybar/launch.sh: No such file or directory
sh: line 1: mako: command not found
2026-01-08 19:30:51 - [swaybg-1.2.1/main.c:278] Could not find config for output WL-1 ((null))

========================================
Config reload: Thu Jan  8 10:31:03 PM UTC 2026
========================================
[
  {
    "success": true
  }
]
Status: ERRORS FOUND

========================================
Config reload: Thu Jan  8 10:32:54 PM UTC 2026
========================================
Status: OK - Reloaded successfully

========================================
Config reload: Thu Jan  8 10:33:47 PM UTC 2026
========================================
Status: OK - Reloaded successfully

========================================
Config reload: Thu Jan  8 10:33:52 PM UTC 2026
========================================
Status: OK - Reloaded successfully

========================================
Config reload: Thu Jan  8 10:35:53 PM UTC 2026
========================================
Status: OK - Reloaded successfully

========================================
Config reload: Thu Jan  8 10:36:23 PM UTC 2026
========================================
Status: OK - Reloaded successfully

========================================
Config reload: Thu Jan  8 10:39:39 PM UTC 2026
========================================
Status: OK - Reloaded successfully

========================================
Config reload: Thu Jan  8 10:39:46 PM UTC 2026
========================================
Status: OK - Reloaded successfully

========================================
Config reload: Thu Jan  8 10:40:15 PM UTC 2026
========================================
Status: OK - Reloaded successfully

========================================
Sway STARTED: Thu Jan  8 10:40:21 PM UTC 2026
========================================
00:00:00.055 [ERROR] [sway/config.c:848] Error on line 79 'dim_inactive 0.1': cmd_dim cannot be used without a for_window rule (/home/elbulbol/.config/sway/config)
00:00:00.056 [ERROR] [sway/config.c:474] Error(s) loading config!
2026-01-08 22:40:21 - [swaybg-1.2.1/main.c:282] Found config * for output WL-1 ((null))
2026-01-08 22:40:25 - [swaybg-1.2.1/main.c:226] Destroying output WL-1 ((null))
free(): double free detected in tcache 2

========================================
Sway STARTED: Thu Jan  8 10:40:47 PM UTC 2026
========================================
00:00:00.060 [ERROR] [sway/config.c:848] Error on line 79 'dim_inactive 0.1': cmd_dim cannot be used without a for_window rule (/home/elbulbol/.config/sway/config)
00:00:00.061 [ERROR] [sway/config.c:474] Error(s) loading config!
2026-01-08 22:40:47 - [swaybg-1.2.1/main.c:282] Found config * for output WL-1 ((null))
2026-01-08 22:40:50 - [swaybg-1.2.1/main.c:226] Destroying output WL-1 ((null))
free(): double free detected in tcache 2

========================================
Config reload: Thu Jan  8 10:43:49 PM UTC 2026
========================================
Status: OK - Reloaded successfully

========================================
Config reload: Thu Jan  8 10:47:22 PM UTC 2026
========================================
Status: OK - Reloaded successfully

========================================
Config reload: Thu Jan  8 10:47:35 PM UTC 2026
========================================
Status: OK - Reloaded successfully

========================================
Config reload: Thu Jan  8 10:53:58 PM UTC 2026
========================================
Status: OK - Reloaded successfully

========================================
Config reload: Thu Jan  8 10:54:00 PM UTC 2026
========================================
Status: OK - Reloaded successfully

========================================
Config reload: Thu Jan  8 11:14:13 PM UTC 2026
========================================
Status: OK - Reloaded successfully

========================================
Config reload: Thu Jan  8 11:20:13 PM UTC 2026
========================================
Status: OK - Reloaded successfully

========================================
Config reload: Thu Jan  8 11:21:56 PM UTC 2026
========================================
Status: OK - Reloaded successfully

========================================
Config reload: Thu Jan  8 11:22:32 PM UTC 2026
========================================
Status: OK - Reloaded successfully

========================================
Config reload: Thu Jan  8 11:23:27 PM UTC 2026
========================================
Status: OK - Reloaded successfully

========================================
Config reload: Thu Jan  8 11:27:53 PM UTC 2026
========================================
Status: OK - Reloaded successfully

========================================
Config reload: Thu Jan  8 11:30:20 PM UTC 2026
========================================
Status: OK - Reloaded successfully

========================================
Config reload: Thu Jan  8 11:30:38 PM UTC 2026
========================================
Status: OK - Reloaded successfully

========================================
Config reload: Thu Jan  8 11:30:53 PM UTC 2026
========================================
Status: OK - Reloaded successfully

========================================
Config reload: Thu Jan  8 11:31:14 PM UTC 2026
========================================
Status: OK - Reloaded successfully

========================================
Config reload: Thu Jan  8 11:31:27 PM UTC 2026
========================================
Status: OK - Reloaded successfully

========================================
Config reload: Thu Jan  8 11:31:38 PM UTC 2026
========================================
Status: OK - Reloaded successfully

========================================
Config reload: Thu Jan  8 11:32:39 PM UTC 2026
========================================
Status: OK - Reloaded successfully

========================================
Config reload: Thu Jan  8 11:34:37 PM UTC 2026
========================================
Status: OK - Reloaded successfully

========================================
Config reload: Thu Jan  8 11:38:15 PM UTC 2026
========================================
Status: OK - Reloaded successfully

========================================
Config reload: Thu Jan  8 11:38:22 PM UTC 2026
========================================
Status: OK - Reloaded successfully

========================================
Config reload: Thu Jan  8 11:39:21 PM UTC 2026
========================================
Status: OK - Reloaded successfully

========================================
Config reload: Thu Jan  8 11:40:19 PM UTC 2026
========================================
Status: OK - Reloaded successfully

========================================
Config reload: Thu Jan  8 11:41:56 PM UTC 2026
========================================
Status: OK - Reloaded successfully

========================================
Config reload: Thu Jan  8 11:41:58 PM UTC 2026
========================================
Status: OK - Reloaded successfully

========================================
Config reload: Thu Jan  8 11:44:02 PM UTC 2026
========================================
Status: OK - Reloaded successfully

========================================
Config reload: Thu Jan  8 11:44:39 PM UTC 2026
========================================
Status: OK - Reloaded successfully

========================================
Config reload: Thu Jan  8 11:45:03 PM UTC 2026
========================================
Status: OK - Reloaded successfully

========================================
Config reload: Thu Jan  8 11:45:47 PM UTC 2026
========================================
Status: OK - Reloaded successfully

========================================
Config reload: Thu Jan  8 11:46:31 PM UTC 2026
========================================
Status: OK - Reloaded successfully

========================================
Config reload: Thu Jan  8 11:46:49 PM UTC 2026
========================================
Status: OK - Reloaded successfully

========================================
Config reload: Thu Jan  8 11:46:56 PM UTC 2026
========================================
Status: OK - Reloaded successfully

========================================
Config reload: Thu Jan  8 11:47:11 PM UTC 2026
========================================
Status: OK - Reloaded successfully

========================================
Config reload: Thu Jan  8 11:47:24 PM UTC 2026
========================================
Status: OK - Reloaded successfully

========================================
Config reload: Thu Jan  8 11:47:29 PM UTC 2026
========================================
Status: OK - Reloaded successfully

========================================
Config reload: Thu Jan  8 11:47:39 PM UTC 2026
========================================
Status: OK - Reloaded successfully

========================================
Config reload: Thu Jan  8 11:47:41 PM UTC 2026
========================================
Status: OK - Reloaded successfully

========================================
Config reload: Thu Jan  8 11:48:54 PM UTC 2026
========================================
Status: OK - Reloaded successfully

========================================
Config reload: Thu Jan  8 11:49:04 PM UTC 2026
========================================
Status: OK - Reloaded successfully

========================================
Config reload: Thu Jan  8 11:49:18 PM UTC 2026
========================================
Status: OK - Reloaded successfully

========================================
Config reload: Thu Jan  8 11:49:31 PM UTC 2026
========================================
Status: OK - Reloaded successfully

========================================
Config reload: Thu Jan  8 11:49:49 PM UTC 2026
========================================
Status: OK - Reloaded successfully

========================================
Config reload: Thu Jan  8 11:49:51 PM UTC 2026
========================================
Status: OK - Reloaded successfully

========================================
Config reload: Thu Jan  8 11:50:07 PM UTC 2026
========================================
Status: OK - Reloaded successfully

========================================
Config reload: Thu Jan  8 11:51:12 PM UTC 2026
========================================
Status: OK - Reloaded successfully

========================================
Config reload: Thu Jan  8 11:51:28 PM UTC 2026
========================================
Status: OK - Reloaded successfully

========================================
Config reload: Thu Jan  8 11:51:43 PM UTC 2026
========================================
Status: OK - Reloaded successfully

========================================
Config reload: Thu Jan  8 11:52:24 PM UTC 2026
========================================
Status: OK - Reloaded successfully

========================================
Config reload: Thu Jan  8 11:52:44 PM UTC 2026
========================================
Status: OK - Reloaded successfully

========================================
Config reload: Thu Jan  8 11:53:12 PM UTC 2026
========================================
Status: OK - Reloaded successfully

========================================
Config reload: Thu Jan  8 11:53:47 PM UTC 2026
========================================
Status: OK - Reloaded successfully

========================================
Config reload: Thu Jan  8 11:54:11 PM UTC 2026
========================================
Status: OK - Reloaded successfully

========================================
Config reload: Thu Jan  8 11:55:13 PM UTC 2026
========================================
Status: OK - Reloaded successfully

========================================
Config reload: Thu Jan  8 11:55:21 PM UTC 2026
========================================
Status: OK - Reloaded successfully

========================================
Config reload: Thu Jan  8 11:55:29 PM UTC 2026
========================================
Status: OK - Reloaded successfully

========================================
Config reload: Thu Jan  8 11:55:45 PM UTC 2026
========================================
Status: OK - Reloaded successfully

========================================
Config reload: Thu Jan  8 11:55:59 PM UTC 2026
========================================
Status: OK - Reloaded successfully

========================================
Config reload: Thu Jan  8 11:56:14 PM UTC 2026
========================================
Status: OK - Reloaded successfully

========================================
Config reload: Thu Jan  8 11:56:34 PM UTC 2026
========================================
Status: OK - Reloaded successfully

========================================
Config reload: Thu Jan  8 11:56:48 PM UTC 2026
========================================
Status: OK - Reloaded successfully

========================================
Config reload: Thu Jan  8 11:56:52 PM UTC 2026
========================================
Status: OK - Reloaded successfully

========================================
Config reload: Thu Jan  8 11:57:10 PM UTC 2026
========================================
Status: OK - Reloaded successfully

========================================
Config reload: Thu Jan  8 11:57:39 PM UTC 2026
========================================
Status: OK - Reloaded successfully

========================================
Config reload: Thu Jan  8 11:57:45 PM UTC 2026
========================================
Status: OK - Reloaded successfully

========================================
Config reload: Fri Jan  9 12:01:07 AM UTC 2026
========================================
Status: OK - Reloaded successfully

========================================
Config reload: Fri Jan  9 12:01:37 AM UTC 2026
========================================
Status: OK - Reloaded successfully

========================================
Config reload: Fri Jan  9 12:02:17 AM UTC 2026
========================================
Status: OK - Reloaded successfully

========================================
Config reload: Fri Jan  9 12:02:37 AM UTC 2026
========================================
Status: OK - Reloaded successfully

========================================
Config reload: Fri Jan  9 12:03:10 AM UTC 2026
========================================
Status: OK - Reloaded successfully

========================================
Config reload: Fri Jan  9 12:03:27 AM UTC 2026
========================================
Status: OK - Reloaded successfully

========================================
Config reload: Fri Jan  9 12:03:36 AM UTC 2026
========================================
Status: OK - Reloaded successfully

========================================
Config reload: Fri Jan  9 12:03:45 AM UTC 2026
========================================
Status: OK - Reloaded successfully

========================================
Config reload: Fri Jan  9 12:09:52 AM UTC 2026
========================================
Status: OK - Reloaded successfully

========================================
Config reload: Fri Jan  9 12:13:15 AM UTC 2026
========================================
Status: OK - Reloaded successfully

========================================
Config reload: Fri Jan  9 12:13:24 AM UTC 2026
========================================
Status: OK - Reloaded successfully

========================================
Config reload: Fri Jan  9 12:13:53 AM UTC 2026
========================================
Status: OK - Reloaded successfully

========================================
Config reload: Fri Jan  9 12:15:15 AM UTC 2026
========================================
Status: OK - Reloaded successfully

========================================
Config reload: Fri Jan  9 12:16:09 AM UTC 2026
========================================
Status: OK - Reloaded successfully

========================================
Config reload: Fri Jan  9 12:17:16 AM UTC 2026
========================================
Status: OK - Reloaded successfully

========================================
Config reload: Fri Jan  9 12:18:46 AM UTC 2026
========================================
Status: OK - Reloaded successfully

========================================
Config reload: Fri Jan  9 12:19:08 AM UTC 2026
========================================
Status: OK - Reloaded successfully

========================================
Config reload: Fri Jan  9 12:21:53 AM UTC 2026
========================================
Status: OK - Reloaded successfully

========================================
Config reload: Fri Jan  9 12:23:05 AM UTC 2026
========================================
Status: OK - Reloaded successfully

========================================
Config reload: Fri Jan  9 12:24:20 AM UTC 2026
========================================
Status: OK - Reloaded successfully

========================================
Config reload: Fri Jan  9 12:24:49 AM UTC 2026
========================================
Status: OK - Reloaded successfully

========================================
Config reload: Fri Jan  9 12:25:12 AM UTC 2026
========================================
Status: OK - Reloaded successfully

========================================
Config reload: Fri Jan  9 12:26:55 AM UTC 2026
========================================
Status: OK - Reloaded successfully

========================================
Config reload: Fri Jan  9 12:28:51 AM UTC 2026
========================================
Status: OK - Reloaded successfully

========================================
Config reload: Fri Jan  9 12:29:27 AM UTC 2026
========================================
Status: OK - Reloaded successfully

========================================
Config reload: Fri Jan  9 12:29:54 AM UTC 2026
========================================
Status: OK - Reloaded successfully

========================================
Config reload: Fri Jan  9 12:30:04 AM UTC 2026
========================================
Status: OK - Reloaded successfully

========================================
Config reload: Fri Jan  9 12:30:15 AM UTC 2026
========================================
Status: OK - Reloaded successfully

========================================
Config reload: Fri Jan  9 12:30:25 AM UTC 2026
========================================
Status: OK - Reloaded successfully

========================================
Config reload: Fri Jan  9 12:30:37 AM UTC 2026
========================================
Status: OK - Reloaded successfully

========================================
Config reload: Fri Jan  9 12:30:56 AM UTC 2026
========================================
Status: OK - Reloaded successfully

========================================
Config reload: Fri Jan  9 12:31:07 AM UTC 2026
========================================
Status: OK - Reloaded successfully

========================================
Config reload: Fri Jan  9 12:31:18 AM UTC 2026
========================================
Status: OK - Reloaded successfully

========================================
Config reload: Fri Jan  9 12:31:26 AM UTC 2026
========================================
Status: OK - Reloaded successfully

========================================
Config reload: Fri Jan  9 12:31:37 AM UTC 2026
========================================
Status: OK - Reloaded successfully

========================================
Config reload: Fri Jan  9 12:31:53 AM UTC 2026
========================================
Status: OK - Reloaded successfully

========================================
Config reload: Fri Jan  9 12:32:01 AM UTC 2026
========================================
Status: OK - Reloaded successfully

========================================
Config reload: Fri Jan  9 12:32:32 AM UTC 2026
========================================
Status: OK - Reloaded successfully

========================================
Config reload: Fri Jan  9 12:32:55 AM UTC 2026
========================================
Status: OK - Reloaded successfully

========================================
Config reload: Fri Jan  9 12:33:04 AM UTC 2026
========================================
Status: OK - Reloaded successfully

========================================
Config reload: Fri Jan  9 12:33:13 AM UTC 2026
========================================
Status: OK - Reloaded successfully

========================================
Config reload: Fri Jan  9 12:34:51 AM UTC 2026
========================================
Status: OK - Reloaded successfully

========================================
Config reload: Fri Jan  9 12:34:59 AM UTC 2026
========================================
Status: OK - Reloaded successfully

========================================
Config reload: Fri Jan  9 12:35:13 AM UTC 2026
========================================
Status: OK - Reloaded successfully

========================================
Config reload: Fri Jan  9 12:35:23 AM UTC 2026
========================================
Status: OK - Reloaded successfully

========================================
Config reload: Fri Jan  9 12:36:03 AM UTC 2026
========================================
Status: OK - Reloaded successfully

========================================
Config reload: Fri Jan  9 12:36:14 AM UTC 2026
========================================
Status: OK - Reloaded successfully

========================================
Config reload: Fri Jan  9 12:36:22 AM UTC 2026
========================================
Status: OK - Reloaded successfully

========================================
Config reload: Fri Jan  9 12:36:37 AM UTC 2026
========================================
Status: OK - Reloaded successfully

========================================
Config reload: Fri Jan  9 12:37:40 AM UTC 2026
========================================
Status: OK - Reloaded successfully

========================================
Config reload: Fri Jan  9 12:37:46 AM UTC 2026
========================================
Status: OK - Reloaded successfully

========================================
Config reload: Fri Jan  9 12:38:12 AM UTC 2026
========================================
Status: OK - Reloaded successfully

========================================
Config reload: Fri Jan  9 12:38:21 AM UTC 2026
========================================
Status: OK - Reloaded successfully

========================================
Config reload: Fri Jan  9 12:39:53 AM UTC 2026
========================================
Status: OK - Reloaded successfully

========================================
Config reload: Fri Jan  9 12:41:31 AM UTC 2026
========================================
Status: OK - Reloaded successfully

========================================
Config reload: Fri Jan  9 12:43:16 AM UTC 2026
========================================
Status: OK - Reloaded successfully

========================================
Config reload: Fri Jan  9 12:43:30 AM UTC 2026
========================================
Status: OK - Reloaded successfully

========================================
Config reload: Fri Jan  9 12:43:45 AM UTC 2026
========================================
Status: OK - Reloaded successfully

========================================
Config reload: Fri Jan  9 12:43:57 AM UTC 2026
========================================
Status: OK - Reloaded successfully

========================================
Config reload: Fri Jan  9 12:44:06 AM UTC 2026
========================================
Status: OK - Reloaded successfully

========================================
Config reload: Fri Jan  9 12:44:14 AM UTC 2026
========================================
Status: OK - Reloaded successfully

========================================
Config reload: Fri Jan  9 12:47:32 AM UTC 2026
========================================
Status: OK - Reloaded successfully

========================================
Config reload: Fri Jan  9 12:49:25 AM UTC 2026
========================================
Status: OK - Reloaded successfully

========================================
Config reload: Fri Jan  9 12:57:52 AM UTC 2026
========================================
Status: OK - Reloaded successfully

========================================
Config reload: Fri Jan  9 12:58:55 AM UTC 2026
========================================
Status: OK - Reloaded successfully

========================================
Config reload: Fri Jan  9 12:59:01 AM UTC 2026
========================================
Status: OK - Reloaded successfully

========================================
Config reload: Fri Jan  9 12:59:11 AM UTC 2026
========================================
Status: OK - Reloaded successfully

========================================
Config reload: Fri Jan  9 01:46:10 AM UTC 2026
========================================
Status: OK - Reloaded successfully

========================================
Config reload: Fri Jan  9 01:46:13 AM UTC 2026
========================================
Status: OK - Reloaded successfully

========================================
Config reload: Fri Jan  9 01:46:17 AM UTC 2026
========================================
Status: OK - Reloaded successfully

========================================
Config reload: Fri Jan  9 01:56:04 AM UTC 2026
========================================
Status: OK - Reloaded successfully

========================================
Config reload: Fri Jan  9 02:00:00 AM UTC 2026
========================================
Status: OK - Reloaded successfully

========================================
Config reload: Fri Jan  9 02:00:18 AM UTC 2026
========================================
Status: OK - Reloaded successfully

========================================
Config reload: Fri Jan  9 02:04:37 AM UTC 2026
========================================
Status: OK - Reloaded successfully

========================================
Config reload: Fri Jan  9 02:05:28 AM UTC 2026
========================================
Status: OK - Reloaded successfully

========================================
Config reload: Fri Jan  9 02:05:41 AM UTC 2026
========================================
Status: OK - Reloaded successfully

========================================
Config reload: Fri Jan  9 02:06:12 AM UTC 2026
========================================
Status: OK - Reloaded successfully

========================================
Config reload: Fri Jan  9 02:06:48 AM UTC 2026
========================================
Status: OK - Reloaded successfully

========================================
Config reload: Fri Jan  9 02:07:11 AM UTC 2026
========================================
Status: OK - Reloaded successfully

========================================
Config reload: Fri Jan  9 02:07:19 AM UTC 2026
========================================
Status: OK - Reloaded successfully

========================================
Config reload: Fri Jan  9 02:07:35 AM UTC 2026
========================================
Status: OK - Reloaded successfully

========================================
Config reload: Fri Jan  9 02:07:45 AM UTC 2026
========================================
Status: OK - Reloaded successfully

========================================
Config reload: Fri Jan  9 02:08:07 AM UTC 2026
========================================
Status: OK - Reloaded successfully

========================================
Config reload: Fri Jan  9 02:08:39 AM UTC 2026
========================================
Status: OK - Reloaded successfully

========================================
Config reload: Fri Jan  9 02:09:01 AM UTC 2026
========================================
Status: OK - Reloaded successfully

========================================
Config reload: Fri Jan  9 02:09:31 AM UTC 2026
========================================
Status: OK - Reloaded successfully

========================================
Config reload: Fri Jan  9 02:09:39 AM UTC 2026
========================================
Status: OK - Reloaded successfully

========================================
Config reload: Fri Jan  9 02:10:08 AM UTC 2026
========================================
Status: OK - Reloaded successfully

========================================
Config reload: Fri Jan  9 02:10:33 AM UTC 2026
========================================
Status: OK - Reloaded successfully

========================================
Config reload: Fri Jan  9 02:10:45 AM UTC 2026
========================================
Status: OK - Reloaded successfully

========================================
Config reload: Fri Jan  9 02:11:24 AM UTC 2026
========================================
Status: OK - Reloaded successfully

========================================
Config reload: Fri Jan  9 02:11:33 AM UTC 2026
========================================
Status: OK - Reloaded successfully

========================================
Config reload: Fri Jan  9 02:15:16 AM UTC 2026
========================================
Status: OK - Reloaded successfully

========================================
Config reload: Fri Jan  9 02:15:35 AM UTC 2026
========================================
Status: OK - Reloaded successfully

========================================
Config reload: Fri Jan  9 02:16:51 AM UTC 2026
========================================
Status: OK - Reloaded successfully

========================================
Config reload: Fri Jan  9 02:17:07 AM UTC 2026
========================================
Status: OK - Reloaded successfully

========================================
Config reload: Fri Jan  9 02:55:15 AM UTC 2026
========================================
Status: OK - Reloaded successfully

========================================
Config reload: Fri Jan  9 03:07:07 AM UTC 2026
========================================
Status: OK - Reloaded successfully

========================================
Config reload: Fri Jan  9 03:07:26 AM UTC 2026
========================================
Status: OK - Reloaded successfully

========================================
Config reload: Fri Jan  9 03:07:35 AM UTC 2026
========================================
Status: OK - Reloaded successfully

========================================
Config reload: Fri Jan  9 03:08:20 AM UTC 2026
========================================
Status: OK - Reloaded successfully

========================================
Config reload: Fri Jan  9 03:18:16 AM UTC 2026
========================================
Status: OK - Reloaded successfully

========================================
Config reload: Fri Jan  9 03:24:16 AM UTC 2026
========================================
Status: OK - Reloaded successfully

========================================
Config reload: Fri Jan  9 03:49:59 AM UTC 2026
========================================
Status: OK - Reloaded successfully

========================================
Config reload: Fri Jan  9 03:50:23 AM UTC 2026
========================================
Status: OK - Reloaded successfully

========================================
Config reload: Fri Jan  9 04:17:08 AM UTC 2026
========================================
Status: OK - Reloaded successfully

========================================
Config reload: Fri Jan  9 04:23:37 AM UTC 2026
========================================
Status: OK - Reloaded successfully

========================================
Config reload: Fri Jan  9 04:25:12 AM UTC 2026
========================================
Status: OK - Reloaded successfully

========================================
Config reload: Fri Jan  9 04:26:38 AM UTC 2026
========================================
Status: OK - Reloaded successfully

========================================
Config reload: Fri Jan  9 04:28:05 AM UTC 2026
========================================
Status: OK - Reloaded successfully

========================================
Config reload: Fri Jan  9 04:31:38 AM UTC 2026
========================================
Status: OK - Reloaded successfully

========================================
Config reload: Fri Jan  9 04:33:29 AM UTC 2026
========================================
Status: OK - Reloaded successfully

========================================
Config reload: Fri Jan  9 04:33:46 AM UTC 2026
========================================
Status: OK - Reloaded successfully

========================================
Config reload: Fri Jan  9 04:37:37 AM UTC 2026
========================================
Status: OK - Reloaded successfully

========================================
Config reload: Fri Jan  9 04:40:33 AM UTC 2026
========================================
Status: OK - Reloaded successfully

========================================
Config reload: Fri Jan  9 04:57:30 AM UTC 2026
========================================
Status: OK - Reloaded successfully

========================================
Config reload: Fri Jan  9 05:02:26 AM UTC 2026
========================================
Status: OK - Reloaded successfully

========================================
Config reload: Fri Jan  9 05:16:27 AM UTC 2026
========================================
Status: OK - Reloaded successfully

========================================
Config reload: Fri Jan  9 05:20:11 AM UTC 2026
========================================
Status: OK - Reloaded successfully

========================================
Config reload: Fri Jan  9 05:22:24 AM UTC 2026
========================================
Status: OK - Reloaded successfully

========================================
Config reload: Fri Jan  9 05:23:53 AM UTC 2026
========================================
Status: OK - Reloaded successfully

========================================
Config reload: Fri Jan  9 05:25:12 AM UTC 2026
========================================
Status: OK - Reloaded successfully

========================================
Config reload: Fri Jan  9 05:27:58 AM UTC 2026
========================================
Status: OK - Reloaded successfully

========================================
Config reload: Fri Jan  9 05:28:49 AM UTC 2026
========================================
Status: OK - Reloaded successfully

========================================
Config reload: Fri Jan  9 05:30:46 AM UTC 2026
========================================
Status: OK - Reloaded successfully

========================================
Config reload: Fri Jan  9 05:31:49 AM UTC 2026
========================================
Status: OK - Reloaded successfully

========================================
Config reload: Fri Jan  9 05:35:09 AM UTC 2026
========================================
Status: OK - Reloaded successfully

========================================
Config reload: Fri Jan  9 05:45:02 AM UTC 2026
========================================
Status: OK - Reloaded successfully

========================================
Config reload: Fri Jan  9 05:48:11 AM UTC 2026
========================================
Status: OK - Reloaded successfully

========================================
Config reload: Fri Jan  9 05:51:39 AM UTC 2026
========================================
Status: OK - Reloaded successfully

========================================
Config reload: Fri Jan  9 05:52:02 AM UTC 2026
========================================
Status: OK - Reloaded successfully

========================================
Config reload: Fri Jan  9 05:54:39 AM UTC 2026
========================================
Status: OK - Reloaded successfully

========================================
Config reload: Fri Jan  9 05:58:23 AM UTC 2026
========================================
Status: OK - Reloaded successfully

========================================
Config reload: Fri Jan  9 05:58:34 AM UTC 2026
========================================
Status: OK - Reloaded successfully

========================================
Config reload: Fri Jan  9 06:00:32 AM UTC 2026
========================================
Status: OK - Reloaded successfully

========================================
Config reload: Fri Jan  9 06:00:36 AM UTC 2026
========================================
Status: OK - Reloaded successfully

========================================
Config reload: Fri Jan  9 06:03:04 AM UTC 2026
========================================
Status: OK - Reloaded successfully

========================================
Config reload: Fri Jan  9 06:03:41 AM UTC 2026
========================================
Status: OK - Reloaded successfully

========================================
Config reload: Fri Jan  9 06:06:07 AM UTC 2026
========================================
Status: OK - Reloaded successfully

========================================
Config reload: Fri Jan  9 06:06:18 AM UTC 2026
========================================
Status: OK - Reloaded successfully

========================================
Config reload: Fri Jan  9 06:06:26 AM UTC 2026
========================================
Status: OK - Reloaded successfully

========================================
Config reload: Fri Jan  9 06:09:17 AM UTC 2026
========================================
Status: OK - Reloaded successfully

========================================
Config reload: Fri Jan  9 08:48:11 AM UTC 2026
========================================
Status: OK - Reloaded successfully

========================================
Config reload: Fri Jan  9 09:04:17 AM UTC 2026
========================================
Status: OK - Reloaded successfully

========================================
Config reload: Fri Jan  9 09:04:19 AM UTC 2026
========================================
Status: OK - Reloaded successfully

========================================
Config reload: Fri Jan  9 09:04:21 AM UTC 2026
========================================
Status: OK - Reloaded successfully

========================================
Config reload: Fri Jan  9 09:12:20 AM UTC 2026
========================================
Status: OK - Reloaded successfully

========================================
Config reload: Fri Jan  9 09:14:18 AM UTC 2026
========================================
Status: OK - Reloaded successfully

========================================
Config reload: Fri Jan  9 09:15:18 AM UTC 2026
========================================
Status: OK - Reloaded successfully

========================================
Config reload: Fri Jan  9 09:27:19 AM UTC 2026
========================================
Status: OK - Reloaded successfully

========================================
Config reload: Fri Jan  9 09:28:04 AM UTC 2026
========================================
Status: OK - Reloaded successfully

========================================
Config reload: Fri Jan  9 09:58:41 AM UTC 2026
========================================
Status: OK - Reloaded successfully

========================================
Config reload: Fri Jan  9 10:08:10 AM UTC 2026
========================================
Status: OK - Reloaded successfully

========================================
Config reload: Fri Jan  9 10:11:32 AM UTC 2026
========================================
Status: OK - Reloaded successfully

========================================
Config reload: Fri Jan  9 10:12:58 AM UTC 2026
========================================
Status: OK - Reloaded successfully

========================================
Config reload: Fri Jan  9 10:13:09 AM UTC 2026
========================================
Status: OK - Reloaded successfully

========================================
Config reload: Fri Jan  9 10:13:20 AM UTC 2026
========================================
Status: OK - Reloaded successfully

========================================
Config reload: Fri Jan  9 10:15:54 AM UTC 2026
========================================
Status: OK - Reloaded successfully

========================================
Config reload: Fri Jan  9 10:16:03 AM UTC 2026
========================================
Status: OK - Reloaded successfully

========================================
Config reload: Fri Jan  9 10:21:31 AM UTC 2026
========================================
Status: OK - Reloaded successfully

========================================
Config reload: Fri Jan  9 10:21:56 AM UTC 2026
========================================
Status: OK - Reloaded successfully

========================================
Config reload: Fri Jan  9 10:36:58 AM UTC 2026
========================================
Status: OK - Reloaded successfully

========================================
Config reload: Fri Jan  9 10:37:09 AM UTC 2026
========================================
Status: OK - Reloaded successfully

========================================
Config reload: Fri Jan  9 10:44:49 AM UTC 2026
========================================
Status: OK - Reloaded successfully

========================================
Config reload: Fri Jan  9 10:51:59 AM UTC 2026
========================================
Status: OK - Reloaded successfully

========================================
Config reload: Fri Jan  9 12:32:43 PM UTC 2026
========================================
Status: OK - Reloaded successfully

========================================
Config reload: Fri Jan  9 12:33:50 PM UTC 2026
========================================
Status: OK - Reloaded successfully

========================================
Config reload: Fri Jan  9 12:35:52 PM UTC 2026
========================================
Status: OK - Reloaded successfully

========================================
Config reload: Sat Jan 10 12:50:14 AM UTC 2026
========================================
Status: OK - Reloaded successfully

========================================
Config reload: Sat Jan 10 12:51:27 AM UTC 2026
========================================
Status: OK - Reloaded successfully

========================================
Config reload: Sat Jan 10 01:39:38 AM UTC 2026
========================================
Status: OK - Reloaded successfully

========================================
Config reload: Sat Jan 10 01:40:20 AM UTC 2026
========================================
Status: OK - Reloaded successfully

========================================
Config reload: Sat Jan 10 01:47:06 AM UTC 2026
========================================
Status: OK - Reloaded successfully

========================================
Config reload: Sat Jan 10 01:48:10 AM UTC 2026
========================================
Status: OK - Reloaded successfully

========================================
Config reload: Sat Jan 10 01:52:47 AM UTC 2026
========================================
Status: OK - Reloaded successfully

========================================
Config reload: Sat Jan 10 01:52:48 AM UTC 2026
========================================
Status: OK - Reloaded successfully

========================================
Config reload: Sat Jan 10 01:54:41 AM UTC 2026
========================================
Status: OK - Reloaded successfully

========================================
Config reload: Sat Jan 10 01:55:32 AM UTC 2026
========================================
Status: OK - Reloaded successfully

========================================
Config reload: Sat Jan 10 01:56:26 AM UTC 2026
========================================
Status: OK - Reloaded successfully

========================================
Config reload: Sat Jan 10 01:56:29 AM UTC 2026
========================================
Status: OK - Reloaded successfully

========================================
Config reload: Sat Jan 10 01:56:29 AM UTC 2026
========================================
Status: OK - Reloaded successfully

========================================
Config reload: Sat Jan 10 01:56:30 AM UTC 2026
========================================
Status: OK - Reloaded successfully

========================================
Config reload: Sat Jan 10 01:56:30 AM UTC 2026
========================================
Status: OK - Reloaded successfully

========================================
Config reload: Sat Jan 10 01:56:31 AM UTC 2026
========================================
Status: OK - Reloaded successfully

========================================
Config reload: Sat Jan 10 01:56:31 AM UTC 2026
========================================
Status: OK - Reloaded successfully

========================================
Config reload: Sat Jan 10 01:56:31 AM UTC 2026
========================================
Status: OK - Reloaded successfully

========================================
Config reload: Sat Jan 10 01:56:32 AM UTC 2026
========================================
Status: OK - Reloaded successfully

========================================
Config reload: Sat Jan 10 01:57:06 AM UTC 2026
========================================
Status: OK - Reloaded successfully

========================================
Config reload: Sat Jan 10 01:57:28 AM UTC 2026
========================================
Status: OK - Reloaded successfully

========================================
Config reload: Sat Jan 10 01:59:44 AM UTC 2026
========================================
Status: OK - Reloaded successfully

========================================
Config reload: Sat Jan 10 02:01:19 AM UTC 2026
========================================
Status: OK - Reloaded successfully

========================================
Config reload: Sat Jan 10 02:01:48 AM UTC 2026
========================================
Status: OK - Reloaded successfully

========================================
Config reload: Sat Jan 10 02:02:59 AM UTC 2026
========================================
Status: OK - Reloaded successfully

========================================
Config reload: Sat Jan 10 02:08:35 AM UTC 2026
========================================
Status: OK - Reloaded successfully

========================================
Config reload: Sat Jan 10 02:19:10 AM UTC 2026
========================================
Status: OK - Reloaded successfully

========================================
Config reload: Sat Jan 10 02:21:05 AM UTC 2026
========================================
Status: OK - Reloaded successfully

========================================
Config reload: Sat Jan 10 02:24:53 AM UTC 2026
========================================
Status: OK - Reloaded successfully

========================================
Config reload: Sat Jan 10 02:35:25 AM UTC 2026
========================================
Status: OK - Reloaded successfully

========================================
Config reload: Sat Jan 10 02:36:52 AM UTC 2026
========================================
Status: OK - Reloaded successfully

========================================
Config reload: Sat Jan 10 02:37:36 AM UTC 2026
========================================
Status: OK - Reloaded successfully

========================================
Config reload: Sat Jan 10 02:49:16 AM UTC 2026
========================================
Status: OK - Reloaded successfully

========================================
Config reload: Sat Jan 10 02:57:26 AM UTC 2026
========================================
Status: OK - Reloaded successfully

========================================
Config reload: Sat Jan 10 02:57:46 AM UTC 2026
========================================
Status: OK - Reloaded successfully

========================================
Config reload: Sat Jan 10 03:00:27 AM UTC 2026
========================================
Status: OK - Reloaded successfully

========================================
Config reload: Sat Jan 10 03:10:15 AM UTC 2026
========================================
Status: OK - Reloaded successfully

========================================
Config reload: Sat Jan 10 03:21:33 AM UTC 2026
========================================
Status: OK - Reloaded successfully

========================================
Config reload: Sat Jan 10 03:39:08 AM UTC 2026
========================================
Status: OK - Reloaded successfully

========================================
Config reload: Sat Jan 10 03:49:05 AM UTC 2026
========================================
Status: OK - Reloaded successfully

========================================
Config reload: Sat Jan 10 03:50:17 AM UTC 2026
========================================
Status: OK - Reloaded successfully

========================================
Config reload: Sat Jan 10 03:51:53 AM UTC 2026
========================================
Status: OK - Reloaded successfully

========================================
Config reload: Sat Jan 10 04:44:23 AM UTC 2026
========================================
Status: OK - Reloaded successfully

========================================
Config reload: Sat Jan 10 04:52:25 AM UTC 2026
========================================
Status: OK - Reloaded successfully

========================================
Config reload: Sat Jan 10 04:52:41 AM UTC 2026
========================================
Status: OK - Reloaded successfully

========================================
Config reload: Sat Jan 10 05:05:33 AM UTC 2026
========================================
Status: OK - Reloaded successfully

========================================
Config reload: Sat Jan 10 05:09:30 AM UTC 2026
========================================
Status: OK - Reloaded successfully

========================================
Config reload: Sat Jan 10 05:09:37 AM UTC 2026
========================================
Status: OK - Reloaded successfully

========================================
Config reload: Sat Jan 10 05:10:12 AM UTC 2026
========================================
Status: OK - Reloaded successfully

========================================
Config reload: Sat Jan 10 05:43:51 AM UTC 2026
========================================
Status: OK - Reloaded successfully

========================================
Config reload: Sat Jan 10 06:11:00 AM UTC 2026
========================================
Status: OK - Reloaded successfully

========================================
Config reload: Sat Jan 10 07:02:28 AM UTC 2026
========================================
Status: OK - Reloaded successfully

========================================
Config reload: Sat Jan 10 07:06:57 AM UTC 2026
========================================
Status: OK - Reloaded successfully

========================================
Config reload: Sat Jan 10 07:06:59 AM UTC 2026
========================================
Status: OK - Reloaded successfully

========================================
Config reload: Sat Jan 10 07:07:15 AM UTC 2026
========================================
Status: OK - Reloaded successfully

========================================
Config reload: Sat Jan 10 07:09:55 AM UTC 2026
========================================
Status: OK - Reloaded successfully

========================================
Config reload: Sat Jan 10 07:12:14 AM UTC 2026
========================================
Status: OK - Reloaded successfully

========================================
Config reload: Sat Jan 10 07:14:30 AM UTC 2026
========================================
Status: OK - Reloaded successfully

========================================
Config reload: Sat Jan 10 07:15:18 AM UTC 2026
========================================
Status: OK - Reloaded successfully

========================================
Config reload: Sat Jan 10 07:15:20 AM UTC 2026
========================================
Status: OK - Reloaded successfully

========================================
Config reload: Sat Jan 10 07:15:23 AM UTC 2026
========================================
Status: OK - Reloaded successfully

========================================
Config reload: Sat Jan 10 07:15:45 AM UTC 2026
========================================
Status: OK - Reloaded successfully

========================================
Config reload: Sat Jan 10 07:18:50 AM UTC 2026
========================================
Status: OK - Reloaded successfully

========================================
Config reload: Sat Jan 10 07:19:17 AM UTC 2026
========================================
Status: OK - Reloaded successfully

========================================
Config reload: Sat Jan 10 07:19:29 AM UTC 2026
========================================
Status: OK - Reloaded successfully

========================================
Config reload: Sat Jan 10 07:31:57 AM UTC 2026
========================================
Status: OK - Reloaded successfully

========================================
Config reload: Sat Jan 10 08:03:33 AM UTC 2026
========================================
Status: OK - Reloaded successfully

========================================
Config reload: Sat Jan 10 08:05:12 AM UTC 2026
========================================
Status: OK - Reloaded successfully

========================================
Config reload: Sat Jan 10 08:06:41 AM UTC 2026
========================================
Status: OK - Reloaded successfully

========================================
Config reload: Sat Jan 10 08:07:19 AM UTC 2026
========================================
Status: OK - Reloaded successfully

========================================
Config reload: Sat Jan 10 08:08:53 AM UTC 2026
========================================
Status: OK - Reloaded successfully

========================================
Config reload: Sat Jan 10 08:16:40 AM UTC 2026
========================================
Status: OK - Reloaded successfully

========================================
Config reload: Sat Jan 10 08:34:23 AM UTC 2026
========================================
Status: OK - Reloaded successfully

========================================
Config reload: Sat Jan 10 08:42:37 AM UTC 2026
========================================
Status: OK - Reloaded successfully

========================================
Config reload: Sat Jan 10 11:41:32 PM UTC 2026
========================================
Status: OK - Reloaded successfully

========================================
Config reload: Sat Jan 10 11:48:41 PM UTC 2026
========================================
Status: OK - Reloaded successfully

========================================
Config reload: Sun Jan 11 12:03:25 AM UTC 2026
========================================
Status: OK - Reloaded successfully

========================================
Config reload: Sun Jan 11 12:07:34 AM UTC 2026
========================================
Status: OK - Reloaded successfully

========================================
Config reload: Sun Jan 11 12:09:28 AM UTC 2026
========================================
Status: OK - Reloaded successfully

========================================
Config reload: Sun Jan 11 12:10:28 AM UTC 2026
========================================
Status: OK - Reloaded successfully

========================================
Config reload: Sun Jan 11 12:12:55 AM UTC 2026
========================================
Status: OK - Reloaded successfully

========================================
Config reload: Sun Jan 11 12:13:03 AM UTC 2026
========================================
Status: OK - Reloaded successfully

========================================
Config reload: Sun Jan 11 12:15:08 AM UTC 2026
========================================
Status: OK - Reloaded successfully

========================================
Config reload: Sun Jan 11 12:15:28 AM UTC 2026
========================================
Status: OK - Reloaded successfully

========================================
Config reload: Sun Jan 11 12:16:27 AM UTC 2026
========================================
Status: OK - Reloaded successfully

========================================
Config reload: Sun Jan 11 12:21:27 AM UTC 2026
========================================
Status: OK - Reloaded successfully

========================================
Config reload: Sun Jan 11 12:30:54 AM UTC 2026
========================================
Status: OK - Reloaded successfully

========================================
Config reload: Sun Jan 11 12:36:15 AM UTC 2026
========================================
Status: OK - Reloaded successfully

========================================
Config reload: Sun Jan 11 12:36:19 AM UTC 2026
========================================
Status: OK - Reloaded successfully

========================================
Config reload: Sun Jan 11 12:39:03 AM UTC 2026
========================================
Status: OK - Reloaded successfully

========================================
Config reload: Sun Jan 11 12:39:36 AM UTC 2026
========================================
Status: OK - Reloaded successfully

========================================
Config reload: Sun Jan 11 12:40:57 AM UTC 2026
========================================
Status: OK - Reloaded successfully

========================================
Config reload: Sun Jan 11 12:41:29 AM UTC 2026
========================================
Status: OK - Reloaded successfully

========================================
Config reload: Sun Jan 11 12:45:08 AM UTC 2026
========================================
Status: OK - Reloaded successfully

========================================
Config reload: Sun Jan 11 01:02:47 AM UTC 2026
========================================
Status: OK - Reloaded successfully

========================================
Config reload: Sun Jan 11 01:19:10 AM UTC 2026
========================================
Status: OK - Reloaded successfully

========================================
Config reload: Sun Jan 11 01:23:22 AM UTC 2026
========================================
Status: OK - Reloaded successfully

========================================
Config reload: Sun Jan 11 01:56:59 AM UTC 2026
========================================
Status: OK - Reloaded successfully

========================================
Config reload: Sun Jan 11 01:59:03 AM UTC 2026
========================================
Status: OK - Reloaded successfully

========================================
Config reload: Sun Jan 11 02:11:35 AM UTC 2026
========================================
Status: OK - Reloaded successfully

========================================
Config reload: Sun Jan 11 02:12:55 AM UTC 2026
========================================
Status: OK - Reloaded successfully

========================================
Config reload: Sun Jan 11 02:13:14 AM UTC 2026
========================================
Status: OK - Reloaded successfully

========================================
Config reload: Sun Jan 11 02:13:17 AM UTC 2026
========================================
Status: OK - Reloaded successfully

========================================
Config reload: Sun Jan 11 02:13:18 AM UTC 2026
========================================
Status: OK - Reloaded successfully

========================================
Config reload: Sun Jan 11 02:13:20 AM UTC 2026
========================================
Status: OK - Reloaded successfully

========================================
Config reload: Sun Jan 11 02:15:01 AM UTC 2026
========================================
Status: OK - Reloaded successfully

========================================
Config reload: Sun Jan 11 02:31:08 AM UTC 2026
========================================
Status: OK - Reloaded successfully

========================================
Config reload: Sun Jan 11 02:31:42 AM UTC 2026
========================================
Status: OK - Reloaded successfully

========================================
Config reload: Sun Jan 11 02:34:32 AM UTC 2026
========================================
Status: OK - Reloaded successfully

========================================
Config reload: Sun Jan 11 02:39:46 AM UTC 2026
========================================
Status: OK - Reloaded successfully

========================================
Config reload: Sun Jan 11 05:34:12 AM UTC 2026
========================================
Status: OK - Reloaded successfully

========================================
Config reload: Sun Jan 11 05:34:31 AM UTC 2026
========================================
Status: OK - Reloaded successfully

========================================
Config reload: Sun Jan 11 07:36:43 AM EET 2026
========================================
Status: OK - Reloaded successfully

========================================
Config reload: Sat Jan 10 09:37:50 PM EET 2026
========================================
Status: OK - Reloaded successfully

========================================
Config reload: Sat Jan 10 09:39:27 PM EET 2026
========================================
Status: OK - Reloaded successfully

========================================
Config reload: Sat Jan 10 09:39:41 PM EET 2026
========================================
Status: OK - Reloaded successfully

========================================
Config reload: Sun Jan 11 07:09:54 PM EET 2026
========================================
Status: OK - Reloaded successfully

========================================
Config reload: Sun Jan 11 07:12:37 PM EET 2026
========================================
Status: OK - Reloaded successfully

========================================
Config reload: Sun Jan 11 07:14:41 PM EET 2026
========================================
Status: OK - Reloaded successfully

========================================
Config reload: Sun Jan 11 07:19:29 PM EET 2026
========================================
Status: OK - Reloaded successfully

========================================
Config reload: Sun Jan 11 07:19:40 PM EET 2026
========================================
Status: OK - Reloaded successfully

========================================
Config reload: Sun Jan 11 07:19:59 PM EET 2026
========================================
Status: OK - Reloaded successfully

========================================
Config reload: Sun Jan 11 07:21:56 PM EET 2026
========================================
Status: OK - Reloaded successfully

========================================
Config reload: Sun Jan 11 07:22:29 PM EET 2026
========================================
Status: OK - Reloaded successfully

========================================
Config reload: Sun Jan 11 07:22:51 PM EET 2026
========================================
Status: OK - Reloaded successfully

========================================
Config reload: Sun Jan 11 07:23:16 PM EET 2026
========================================
Status: OK - Reloaded successfully

========================================
Config reload: Sun Jan 11 07:23:25 PM EET 2026
========================================
Status: OK - Reloaded successfully

========================================
Config reload: Sun Jan 11 07:27:01 PM EET 2026
========================================
Status: OK - Reloaded successfully

========================================
Config reload: Sun Jan 11 07:47:32 PM EET 2026
========================================
Status: OK - Reloaded successfully

========================================
Config reload: Sun Jan 11 07:50:35 PM EET 2026
========================================
Status: OK - Reloaded successfully

========================================
Config reload: Sun Jan 11 07:52:16 PM EET 2026
========================================
Status: OK - Reloaded successfully

========================================
Config reload: Sun Jan 11 08:02:42 PM EET 2026
========================================
Status: OK - Reloaded successfully

========================================
Config reload: Sun Jan 11 08:06:09 PM EET 2026
========================================
Status: OK - Reloaded successfully

========================================
Config reload: Sun Jan 11 08:09:19 PM EET 2026
========================================
Status: OK - Reloaded successfully

========================================
Config reload: Sun Jan 11 08:10:06 PM EET 2026
========================================
Status: OK - Reloaded successfully

========================================
Config reload: Sun Jan 11 08:20:43 PM EET 2026
========================================
Status: OK - Reloaded successfully

========================================
Config reload: Sun Jan 11 08:24:44 PM EET 2026
========================================
Status: OK - Reloaded successfully

========================================
Config reload: Sun Jan 11 09:57:35 PM EET 2026
========================================
Status: OK - Reloaded successfully

========================================
Config reload: Sun Jan 11 09:58:13 PM EET 2026
========================================
Status: OK - Reloaded successfully

========================================
Config reload: Sun Jan 11 09:59:06 PM EET 2026
========================================
Status: OK - Reloaded successfully

========================================
Config reload: Sun Jan 11 09:59:31 PM EET 2026
========================================
Status: OK - Reloaded successfully

========================================
Config reload: Sun Jan 11 10:00:25 PM EET 2026
========================================
Status: OK - Reloaded successfully

========================================
Config reload: Sun Jan 11 10:02:23 PM EET 2026
========================================
Status: OK - Reloaded successfully

========================================
Config reload: Sun Jan 11 10:03:10 PM EET 2026
========================================
Status: OK - Reloaded successfully

========================================
Config reload: Sun Jan 11 10:05:09 PM EET 2026
========================================
Status: OK - Reloaded successfully

========================================
Config reload: Sun Jan 11 10:16:02 PM EET 2026
========================================
Status: OK - Reloaded successfully

========================================
Config reload: Sun Jan 11 10:18:43 PM EET 2026
========================================
Status: OK - Reloaded successfully

========================================
Config reload: Sun Jan 11 10:19:16 PM EET 2026
========================================
Status: OK - Reloaded successfully

========================================
Config reload: Sun Jan 11 10:21:59 PM EET 2026
========================================
Status: OK - Reloaded successfully

========================================
Config reload: Sun Jan 11 10:24:00 PM EET 2026
========================================
Status: OK - Reloaded successfully

========================================
Config reload: Sun Jan 11 10:50:50 PM EET 2026
========================================
Status: OK - Reloaded successfully

========================================
Config reload: Mon Jan 12 01:58:23 AM EET 2026
========================================
Status: OK - Reloaded successfully

========================================
Config reload: Mon Jan 12 03:03:07 AM EET 2026
========================================
Status: OK - Reloaded successfully

========================================
Config reload: Mon Jan 12 03:03:11 AM EET 2026
========================================
Status: OK - Reloaded successfully

========================================
Config reload: Mon Jan 12 03:38:28 AM EET 2026
========================================
Status: OK - Reloaded successfully

========================================
Config reload: Mon Jan 12 03:41:34 AM EET 2026
========================================
Status: OK - Reloaded successfully

========================================
Config reload: Mon Jan 12 03:43:47 AM EET 2026
========================================
Status: OK - Reloaded successfully

========================================
Config reload: Mon Jan 12 03:43:49 AM EET 2026
========================================
Status: OK - Reloaded successfully

========================================
Config reload: Mon Jan 12 03:43:51 AM EET 2026
========================================
Status: OK - Reloaded successfully

========================================
Config reload: Mon Jan 12 03:45:49 AM EET 2026
========================================
Status: OK - Reloaded successfully

========================================
Config reload: Mon Jan 12 03:45:59 AM EET 2026
========================================
Status: OK - Reloaded successfully

========================================
Config reload: Mon Jan 12 03:46:01 AM EET 2026
========================================
Status: OK - Reloaded successfully

========================================
Config reload: Mon Jan 12 03:46:45 AM EET 2026
========================================
Status: OK - Reloaded successfully

========================================
Config reload: Mon Jan 12 03:47:54 AM EET 2026
========================================
Status: OK - Reloaded successfully

========================================
Config reload: Mon Jan 12 03:49:25 AM EET 2026
========================================
Status: OK - Reloaded successfully

========================================
Config reload: Mon Jan 12 03:51:06 AM EET 2026
========================================
Status: OK - Reloaded successfully

========================================
Config reload: Mon Jan 12 03:51:44 AM EET 2026
========================================
Status: OK - Reloaded successfully

========================================
Config reload: Mon Jan 12 03:53:46 AM EET 2026
========================================
Status: OK - Reloaded successfully

========================================
Config reload: Mon Jan 12 03:56:05 AM EET 2026
========================================
Status: OK - Reloaded successfully

========================================
Config reload: Mon Jan 12 03:56:08 AM EET 2026
========================================
Status: OK - Reloaded successfully

========================================
Config reload: Mon Jan 12 03:56:40 AM EET 2026
========================================
Status: OK - Reloaded successfully

========================================
Config reload: Mon Jan 12 04:00:01 AM EET 2026
========================================
Status: OK - Reloaded successfully

========================================
Config reload: Mon Jan 12 04:03:27 AM EET 2026
========================================
Status: OK - Reloaded successfully

========================================
Config reload: Mon Jan 12 04:03:41 AM EET 2026
========================================
Status: OK - Reloaded successfully

========================================
Config reload: Mon Jan 12 04:04:05 AM EET 2026
========================================
Status: OK - Reloaded successfully

========================================
Config reload: Mon Jan 12 04:05:53 AM EET 2026
========================================
Status: OK - Reloaded successfully

========================================
Config reload: Mon Jan 12 04:06:37 AM EET 2026
========================================
Status: OK - Reloaded successfully

========================================
Config reload: Mon Jan 12 04:07:34 AM EET 2026
========================================
Status: OK - Reloaded successfully

========================================
Config reload: Mon Jan 12 04:08:34 AM EET 2026
========================================
Status: OK - Reloaded successfully

========================================
Config reload: Mon Jan 12 04:08:42 AM EET 2026
========================================
Status: OK - Reloaded successfully

========================================
Config reload: Mon Jan 12 02:30:23 PM EET 2026
========================================
Status: OK - Reloaded successfully

========================================
Config reload: Mon Jan 12 03:08:54 PM EET 2026
========================================
Status: OK - Reloaded successfully

========================================
Config reload: Mon Jan 12 03:09:41 PM EET 2026
========================================
Status: OK - Reloaded successfully

========================================
Config reload: Mon Jan 12 09:33:20 PM EET 2026
========================================
Status: OK - Reloaded successfully

========================================
Config reload: Mon Jan 12 09:33:22 PM EET 2026
========================================
Status: OK - Reloaded successfully

========================================
Config reload: Mon Jan 12 09:33:51 PM EET 2026
========================================
Status: OK - Reloaded successfully

========================================
Config reload: Tue Jan 13 02:25:22 AM EET 2026
========================================
Status: OK - Reloaded successfully

========================================
Config reload: Tue Jan 13 02:35:51 AM EET 2026
========================================
Status: OK - Reloaded successfully

========================================
Config reload: Fri Jan 23 10:14:09 PM EET 2026
========================================
Status: OK - Reloaded successfully

========================================
Config reload: Sat Jan 24 12:03:52 AM EET 2026
========================================
Status: OK - Reloaded successfully

========================================
Config reload: Sat Jan 24 12:07:36 AM EET 2026
========================================
Status: OK - Reloaded successfully

========================================
Config reload: Sun Jan 25 12:46:04 PM EET 2026
========================================
Status: OK - Reloaded successfully

========================================
Config reload: Sun Jan 25 12:47:33 PM EET 2026
========================================
Status: OK - Reloaded successfully

========================================
Config reload: Sun Jan 25 12:57:13 PM EET 2026
========================================
Status: OK - Reloaded successfully

========================================
Config reload: Sun Jan 25 12:57:18 PM EET 2026
========================================
Status: OK - Reloaded successfully

========================================
Config reload: Sun Jan 25 12:58:53 PM EET 2026
========================================
Status: OK - Reloaded successfully

========================================
Config reload: Sun Jan 25 01:03:53 PM EET 2026
========================================
Status: OK - Reloaded successfully

========================================
Config reload: Sun Jan 25 01:10:33 PM EET 2026
========================================
Status: OK - Reloaded successfully

========================================
Config reload: Sun Jan 25 01:11:19 PM EET 2026
========================================
Status: OK - Reloaded successfully

========================================
Config reload: Sun Jan 25 01:14:30 PM EET 2026
========================================
Status: OK - Reloaded successfully

========================================
Config reload: Sun Jan 25 01:19:31 PM EET 2026
========================================
Status: OK - Reloaded successfully

========================================
Config reload: Tue Jan 27 04:49:17 AM EET 2026
========================================
Status: OK - Reloaded successfully

========================================
Config reload: Wed Feb 11 09:08:59 PM EET 2026
========================================
Status: OK - Reloaded successfully

========================================
Config reload: Wed Feb 11 09:10:37 PM EET 2026
========================================
Status: OK - Reloaded successfully

========================================
Config reload: Wed Feb 11 09:10:38 PM EET 2026
========================================
Status: OK - Reloaded successfully

========================================
Config reload: Wed Feb 11 09:12:32 PM EET 2026
========================================
Status: OK - Reloaded successfully

========================================
Config reload: Wed Feb 11 09:13:56 PM EET 2026
========================================
Status: OK - Reloaded successfully

========================================
Config reload: Wed Feb 11 09:46:03 PM EET 2026
========================================
Status: OK - Reloaded successfully

========================================
Config reload: Fri Feb 13 11:43:31 PM EET 2026
========================================
Status: OK - Reloaded successfully

========================================
Config reload: Fri Feb 13 11:58:24 PM EET 2026
========================================
Status: OK - Reloaded successfully

========================================
Config reload: Sat Feb 14 12:09:28 AM EET 2026
========================================
Status: OK - Reloaded successfully

========================================
Config reload: Sat Feb 14 12:27:25 AM EET 2026
========================================
Status: OK - Reloaded successfully

========================================
Config reload: Sat Feb 14 12:32:41 AM EET 2026
========================================
Status: OK - Reloaded successfully

========================================
Config reload: Sat Feb 14 12:37:25 AM EET 2026
========================================
Status: OK - Reloaded successfully

========================================
Config reload: Sat Feb 14 12:37:49 AM EET 2026
========================================
Status: OK - Reloaded successfully

========================================
Config reload: Sat Feb 14 12:38:48 AM EET 2026
========================================
Status: OK - Reloaded successfully

========================================
Config reload: Sat Feb 14 12:54:30 AM EET 2026
========================================
Status: OK - Reloaded successfully

========================================
Config reload: Sat Feb 14 12:56:19 AM EET 2026
========================================
Status: OK - Reloaded successfully

========================================
Config reload: Sat Feb 14 12:56:33 AM EET 2026
========================================
Status: OK - Reloaded successfully

========================================
Config reload: Sat Feb 14 12:56:56 AM EET 2026
========================================
Status: OK - Reloaded successfully

========================================
Config reload: Sat Feb 14 01:00:48 AM EET 2026
========================================
Status: OK - Reloaded successfully

========================================
Config reload: Sat Feb 14 01:00:56 AM EET 2026
========================================
Status: OK - Reloaded successfully

========================================
Config reload: Sat Feb 14 01:01:08 AM EET 2026
========================================
Status: OK - Reloaded successfully

========================================
Config reload: Sat Feb 14 01:03:46 AM EET 2026
========================================
Status: OK - Reloaded successfully

========================================
Config reload: Sat Feb 14 01:04:20 AM EET 2026
========================================
Status: OK - Reloaded successfully

========================================
Config reload: Sat Feb 14 01:06:02 AM EET 2026
========================================
Status: OK - Reloaded successfully

========================================
Config reload: Sat Feb 14 01:07:37 AM EET 2026
========================================
Status: OK - Reloaded successfully

========================================
Config reload: Sat Feb 14 01:10:47 AM EET 2026
========================================
Status: OK - Reloaded successfully

========================================
Config reload: Sat Feb 14 01:13:45 AM EET 2026
========================================
Status: OK - Reloaded successfully

========================================
Config reload: Sat Feb 14 01:16:35 AM EET 2026
========================================
Status: OK - Reloaded successfully

========================================
Config reload: Sat Feb 14 01:18:02 AM EET 2026
========================================
Status: OK - Reloaded successfully

========================================
Config reload: Sat Feb 14 01:20:04 AM EET 2026
========================================
Status: OK - Reloaded successfully

========================================
Config reload: Sat Feb 14 01:21:35 AM EET 2026
========================================
Status: OK - Reloaded successfully

========================================
Config reload: Sat Feb 14 01:30:37 AM EET 2026
========================================
Status: OK - Reloaded successfully

========================================
Config reload: Sat Feb 14 01:33:49 AM EET 2026
========================================
Status: OK - Reloaded successfully

========================================
Config reload: Sat Feb 14 01:36:54 AM EET 2026
========================================
Status: OK - Reloaded successfully

========================================
Config reload: Sat Feb 14 01:39:07 AM EET 2026
========================================
Status: OK - Reloaded successfully

========================================
Config reload: Sat Feb 14 01:42:27 AM EET 2026
========================================
Status: OK - Reloaded successfully

========================================
Config reload: Sat Feb 14 01:47:31 AM EET 2026
========================================
Status: OK - Reloaded successfully

========================================
Config reload: Sat Feb 14 01:50:44 AM EET 2026
========================================
Status: OK - Reloaded successfully

========================================
Config reload: Sat Feb 14 01:56:32 AM EET 2026
========================================
Status: OK - Reloaded successfully

========================================
Config reload: Sat Feb 14 02:01:43 AM EET 2026
========================================
Status: OK - Reloaded successfully

========================================
Config reload: Sat Feb 14 02:01:53 AM EET 2026
========================================
Status: OK - Reloaded successfully

========================================
Config reload: Sat Feb 14 02:02:30 AM EET 2026
========================================
Status: OK - Reloaded successfully

========================================
Config reload: Sat Feb 14 02:02:54 AM EET 2026
========================================
Status: OK - Reloaded successfully

========================================
Config reload: Sun Feb 22 02:04:10 AM EET 2026
========================================
Status: OK - Reloaded successfully

========================================
Config reload: Sun Feb 22 02:05:02 AM EET 2026
========================================
Status: OK - Reloaded successfully

========================================
Config reload: Sun Feb 22 02:06:29 AM EET 2026
========================================
Status: OK - Reloaded successfully

========================================
Config reload: Sun Feb 22 02:11:42 AM EET 2026
========================================
Status: OK - Reloaded successfully
